Horizon started successfully.
  2023-11-24 04:36:19 App\Jobs\FirstParseSiteJob ..................... RUNNING
  2023-11-24 04:36:19 App\Jobs\FirstParseSiteJob ................ 33.46ms DONE
  2023-11-24 04:36:43 App\Jobs\FirstParseSiteJob ..................... RUNNING
  2023-11-24 04:36:43 App\Jobs\FirstParseSiteJob ................ 23.19ms DONE
  2023-11-24 04:37:07 App\Jobs\FirstParseSiteJob ..................... RUNNING
  2023-11-24 04:37:47 App\Jobs\FirstParseSiteJob ............ 39,694.93ms DONE
  2023-11-24 04:53:47 App\Jobs\FirstParseSiteJob ..................... RUNNING
  2023-11-24 04:54:27 App\Jobs\FirstParseSiteJob ............ 40,378.39ms FAIL
  2023-11-24 04:55:41 App\Jobs\FirstParseSiteJob ..................... RUNNING
  2023-11-24 04:56:21 App\Jobs\FirstParseSiteJob ............ 40,283.78ms FAIL
  2023-11-24 04:58:12 App\Jobs\FirstParseSiteJob ..................... RUNNING
  2023-11-24 04:58:53 App\Jobs\FirstParseSiteJob ............ 40,077.32ms FAIL
  2023-11-24 05:03:41 App\Jobs\FirstParseSiteJob ..................... RUNNING
  2023-11-24 05:04:20 App\Jobs\FirstParseSiteJob ............ 39,617.04ms FAIL
Horizon started successfully.
  2023-11-24 05:05:15 App\Jobs\FirstParseSiteJob ..................... RUNNING
  2023-11-24 05:05:18 App\Jobs\FirstParseSiteJob ............. 2,730.50ms DONE
  2023-11-24 05:36:45 App\Jobs\FirstParseSiteJob ..................... RUNNING
  2023-11-24 05:37:19 App\Jobs\FirstParseSiteJob ............ 33,463.85ms DONE
  2023-11-24 05:38:28 App\Jobs\FirstParseSiteJob ..................... RUNNING
  2023-11-24 05:38:46 App\Jobs\FirstParseSiteJob ..................... RUNNING
  2023-11-24 05:38:48 App\Jobs\FirstParseSiteJob ............ 20,587.26ms DONE
  2023-11-24 05:39:07 App\Jobs\FirstParseSiteJob ............ 20,568.97ms DONE
Horizon started successfully.
Horizon started successfully.
Horizon started successfully.
Horizon started successfully.
Horizon started successfully.
Horizon started successfully.
  2023-11-29 03:10:33 App\Jobs\FirstParseSiteJob ..................... RUNNING
  2023-11-29 03:10:33 App\Jobs\FirstParseSiteJob ................. 3.46ms DONE
  2023-11-29 03:11:57 App\Jobs\FirstParseSiteJob ..................... RUNNING
  2023-11-29 03:11:57 App\Jobs\FirstParseSiteJob ................. 3.05ms DONE
  2023-11-29 03:12:42 App\Jobs\FirstParseSiteJob ..................... RUNNING
  2023-11-29 03:12:42 App\Jobs\FirstParseSiteJob ................. 4.44ms DONE
  2023-11-29 03:14:15 App\Jobs\FirstParseSiteJob ..................... RUNNING
  2023-11-29 03:14:15 App\Jobs\FirstParseSiteJob ................. 3.52ms FAIL
  2023-11-29 03:16:12 App\Jobs\FirstParseSiteJob ..................... RUNNING
  2023-11-29 03:16:12 App\Jobs\FirstParseSiteJob ................. 3.67ms DONE
  2023-11-29 03:17:18 App\Jobs\FirstParseSiteJob ..................... RUNNING
  2023-11-29 03:17:18 App\Jobs\FirstParseSiteJob ................. 2.70ms DONE
  2023-11-29 03:18:42 App\Jobs\FirstParseSiteJob ..................... RUNNING
  2023-11-29 03:18:42 App\Jobs\FirstParseSiteJob ................. 2.66ms DONE
  2023-11-29 03:19:18 App\Jobs\FirstParseSiteJob ..................... RUNNING
  2023-11-29 03:19:18 App\Jobs\FirstParseSiteJob ................. 4.88ms DONE
  2023-11-29 03:22:57 App\Jobs\FirstParseSiteJob ..................... RUNNING
  2023-11-29 03:22:57 App\Jobs\FirstParseSiteJob ................. 2.81ms DONE
  2023-11-29 03:24:06 App\Jobs\FirstParseSiteJob ..................... RUNNING
  2023-11-29 03:24:06 App\Jobs\FirstParseSiteJob ................. 4.94ms DONE
  2023-11-29 03:24:48 App\Jobs\FirstParseSiteJob ..................... RUNNING
  2023-11-29 03:24:48 App\Jobs\FirstParseSiteJob ................. 2.68ms DONE
  2023-11-29 03:25:12 App\Jobs\FirstParseSiteJob ..................... RUNNING
  2023-11-29 03:25:12 App\Jobs\FirstParseSiteJob ................. 0.99ms DONE
  2023-11-29 03:25:21 App\Jobs\FirstParseSiteJob ..................... RUNNING
  2023-11-29 03:25:21 App\Jobs\FirstParseSiteJob ................. 4.81ms DONE
  2023-11-29 03:30:54 App\Jobs\FirstParseSiteJob ..................... RUNNING
  2023-11-29 03:30:56 App\Jobs\FirstParseSiteJob ............. 1,371.88ms DONE
  2023-11-29 03:31:24 App\Jobs\FirstParseSiteJob ..................... RUNNING
  2023-11-29 03:31:25 App\Jobs\FirstParseSiteJob ............... 213.42ms FAIL
  2023-11-29 03:32:15 App\Jobs\FirstParseSiteJob ..................... RUNNING
  2023-11-29 03:32:15 App\Jobs\FirstParseSiteJob ................ 29.24ms FAIL
  2023-11-29 03:32:33 App\Jobs\FirstParseSiteJob ..................... RUNNING
  2023-11-29 03:32:33 App\Jobs\FirstParseSiteJob ................ 22.32ms FAIL
  2023-11-29 03:32:57 App\Jobs\FirstParseSiteJob ..................... RUNNING
  2023-11-29 03:32:57 App\Jobs\FirstParseSiteJob ................ 27.12ms FAIL
  2023-11-29 03:35:06 App\Jobs\FirstParseSiteJob ..................... RUNNING
  2023-11-29 03:35:06 App\Jobs\FirstParseSiteJob ................ 20.57ms FAIL
  2023-11-29 03:35:36 App\Jobs\FirstParseSiteJob ..................... RUNNING
  2023-11-29 03:35:37 App\Jobs\FirstParseSiteJob ................ 21.86ms FAIL
  2023-11-29 03:36:07 App\Jobs\FirstParseSiteJob ..................... RUNNING
  2023-11-29 03:36:07 App\Jobs\FirstParseSiteJob ................ 20.99ms FAIL
  2023-11-29 03:36:22 App\Jobs\FirstParseSiteJob ..................... RUNNING
  2023-11-29 03:36:22 App\Jobs\FirstParseSiteJob ................ 20.83ms FAIL
  2023-11-29 03:36:49 App\Jobs\FirstParseSiteJob ..................... RUNNING
  2023-11-29 03:36:49 App\Jobs\FirstParseSiteJob ................ 21.02ms DONE
  2023-11-29 03:37:22 App\Jobs\FirstParseSiteJob ..................... RUNNING
  2023-11-29 03:37:22 App\Jobs\FirstParseSiteJob ................ 22.03ms DONE
  2023-11-29 03:37:49 App\Jobs\FirstParseSiteJob ..................... RUNNING
  2023-11-29 03:37:49 App\Jobs\FirstParseSiteJob ................ 21.64ms DONE
  2023-11-29 03:38:37 App\Jobs\FirstParseSiteJob ..................... RUNNING
  2023-11-29 03:38:37 App\Jobs\FirstParseSiteJob ................ 20.99ms DONE
  2023-11-29 03:38:49 App\Jobs\FirstParseSiteJob ..................... RUNNING
  2023-11-29 03:38:49 App\Jobs\FirstParseSiteJob ................ 21.07ms DONE
  2023-11-29 03:39:16 App\Jobs\FirstParseSiteJob ..................... RUNNING
  2023-11-29 03:39:16 App\Jobs\FirstParseSiteJob ................ 21.78ms DONE
  2023-11-29 03:39:43 App\Jobs\FirstParseSiteJob ..................... RUNNING
  2023-11-29 03:39:43 App\Jobs\FirstParseSiteJob ................ 21.17ms DONE
  2023-11-29 03:39:52 App\Jobs\FirstParseSiteJob ..................... RUNNING
  2023-11-29 03:39:52 App\Jobs\FirstParseSiteJob ................ 21.16ms DONE
  2023-11-29 03:40:16 App\Jobs\FirstParseSiteJob ..................... RUNNING
  2023-11-29 03:40:16 App\Jobs\FirstParseSiteJob ................ 21.37ms DONE
  2023-11-29 03:40:46 App\Jobs\FirstParseSiteJob ..................... RUNNING
  2023-11-29 03:40:46 App\Jobs\FirstParseSiteJob ................ 22.23ms FAIL
  2023-11-29 03:40:58 App\Jobs\FirstParseSiteJob ..................... RUNNING
  2023-11-29 03:40:58 App\Jobs\FirstParseSiteJob ................ 21.08ms FAIL
  2023-11-29 03:41:16 App\Jobs\FirstParseSiteJob ..................... RUNNING
  2023-11-29 03:41:16 App\Jobs\FirstParseSiteJob ................ 21.91ms DONE
  2023-11-29 03:41:40 App\Jobs\FirstParseSiteJob ..................... RUNNING
  2023-11-29 03:41:40 App\Jobs\FirstParseSiteJob ................ 21.52ms FAIL
  2023-11-29 03:41:49 App\Jobs\FirstParseSiteJob ..................... RUNNING
  2023-11-29 03:41:49 App\Jobs\FirstParseSiteJob ................ 20.88ms FAIL
  2023-11-29 03:42:28 App\Jobs\FirstParseSiteJob ..................... RUNNING
  2023-11-29 03:42:28 App\Jobs\FirstParseSiteJob ................ 21.30ms FAIL
  2023-11-29 03:43:31 App\Jobs\FirstParseSiteJob ..................... RUNNING
  2023-11-29 03:43:31 App\Jobs\FirstParseSiteJob ................ 24.28ms FAIL
  2023-11-29 03:43:52 App\Jobs\FirstParseSiteJob ..................... RUNNING
  2023-11-29 03:43:52 App\Jobs\FirstParseSiteJob ................ 21.77ms DONE
  2023-11-29 03:44:46 App\Jobs\FirstParseSiteJob ..................... RUNNING
  2023-11-29 03:44:46 App\Jobs\FirstParseSiteJob ................ 21.31ms FAIL
  2023-11-29 03:45:16 App\Jobs\FirstParseSiteJob ..................... RUNNING
  2023-11-29 03:45:16 App\Jobs\FirstParseSiteJob ................ 21.96ms DONE
  2023-11-29 03:46:04 App\Jobs\FirstParseSiteJob ..................... RUNNING
  2023-11-29 03:46:04 App\Jobs\FirstParseSiteJob ................ 22.55ms FAIL
  2023-11-29 03:47:37 App\Jobs\FirstParseSiteJob ..................... RUNNING
  2023-11-29 03:47:37 App\Jobs\FirstParseSiteJob ............... 211.65ms DONE
  2023-11-29 03:47:55 App\Jobs\FirstParseSiteJob ..................... RUNNING
  2023-11-29 03:47:55 App\Jobs\FirstParseSiteJob ................ 21.78ms DONE
  2023-11-29 03:48:25 App\Jobs\FirstParseSiteJob ..................... RUNNING
  2023-11-29 03:48:25 App\Jobs\FirstParseSiteJob ................ 21.50ms DONE
  2023-11-29 03:48:46 App\Jobs\FirstParseSiteJob ..................... RUNNING
  2023-11-29 03:48:46 App\Jobs\FirstParseSiteJob ................ 21.95ms DONE
  2023-11-29 03:49:34 App\Jobs\FirstParseSiteJob ..................... RUNNING
  2023-11-29 03:49:34 App\Jobs\FirstParseSiteJob ................ 21.33ms DONE
  2023-11-29 03:49:49 App\Jobs\FirstParseSiteJob ..................... RUNNING
  2023-11-29 03:49:49 App\Jobs\FirstParseSiteJob ................ 21.15ms DONE
  2023-11-29 03:49:58 App\Jobs\FirstParseSiteJob ..................... RUNNING
  2023-11-29 03:49:58 App\Jobs\FirstParseSiteJob ................ 21.15ms DONE
  2023-11-29 03:50:19 App\Jobs\FirstParseSiteJob ..................... RUNNING
  2023-11-29 03:50:19 App\Jobs\FirstParseSiteJob ................ 20.69ms DONE
  2023-11-29 03:51:10 App\Jobs\FirstParseSiteJob ..................... RUNNING
  2023-11-29 03:51:10 App\Jobs\FirstParseSiteJob ................ 21.06ms DONE
  2023-11-29 03:53:46 App\Jobs\FirstParseSiteJob ..................... RUNNING
  2023-11-29 03:53:46 App\Jobs\FirstParseSiteJob ................ 12.57ms DONE
  2023-11-29 03:54:01 App\Jobs\FirstParseSiteJob ..................... RUNNING
  2023-11-29 03:54:01 App\Jobs\FirstParseSiteJob ................ 26.19ms DONE
  2023-11-29 04:06:22 App\Jobs\FirstParseSiteJob ..................... RUNNING
  2023-11-29 04:06:22 App\Jobs\FirstParseSiteJob ................ 21.89ms DONE
  2023-11-29 05:37:11 App\Jobs\FirstParseSiteJob ..................... RUNNING
  2023-11-29 05:37:13 App\Jobs\FirstParseSiteJob ............. 2,186.91ms DONE
  2023-11-29 05:40:58 App\Jobs\FirstParseSiteJob ..................... RUNNING
  2023-11-29 05:40:59 App\Jobs\FirstParseSiteJob ............... 850.48ms DONE
  2023-11-29 05:44:56 App\Jobs\FirstParseSiteJob ..................... RUNNING
  2023-11-29 05:44:57 App\Jobs\FirstParseSiteJob ............... 798.11ms DONE
  2023-11-29 05:46:00 App\Jobs\FirstParseSiteJob ..................... RUNNING
  2023-11-29 05:46:01 App\Jobs\FirstParseSiteJob ............... 839.14ms DONE
  2023-11-29 05:46:23 App\Jobs\FirstParseSiteJob ..................... RUNNING
  2023-11-29 05:46:24 App\Jobs\FirstParseSiteJob ............... 821.68ms DONE
  2023-11-29 05:47:56 App\Jobs\FirstParseSiteJob ..................... RUNNING
  2023-11-29 05:47:57 App\Jobs\FirstParseSiteJob ............... 865.08ms DONE
  2023-11-29 05:48:20 App\Jobs\FirstParseSiteJob ..................... RUNNING
  2023-11-29 05:48:21 App\Jobs\FirstParseSiteJob ............... 944.19ms DONE
